<?xml version="1.0" encoding="UTF-8"?>
<!-- Generated by org.testng.reporters.JUnitXMLReporter -->
<testsuite ignored="0" hostname="Ragavi" failures="0" tests="4" name="Surefire test" time="39.296" errors="0" timestamp="2024-03-04T17:28:35 IST">
  <testcase classname="io.cucumber.testng.AbstractTestNGCucumberTests" name="runScenario" time="10.826"/>
  <testcase classname="selenium.Tests.ShoppingTest" name="submitOrder" time="4.561"/>
  <testcase classname="selenium.Tests.ShoppingTest" name="submitOrder" time="4.475"/>
  <testcase classname="selenium.Tests.ShoppingTest" name="orderHistoryTest" time="1.628"/>
</testsuite> <!-- Surefire test -->
