<?xml version="1.0" encoding="UTF-8"?>
<testng-results ignored="0" total="1" passed="1" failed="0" skipped="0">
  <reporter-output>
  </reporter-output>
  <suite started-at="2024-03-15T10:13:57 IST" name="Surefire suite" finished-at="2024-03-15T10:13:57 IST" duration-ms="57">
    <groups>
    </groups>
    <test started-at="2024-03-15T10:13:57 IST" name="Surefire test" finished-at="2024-03-15T10:13:57 IST" duration-ms="57">
      <class name="Maven.MavenJava.AppTest">
        <test-method signature="shouldAnswerWithTrue()" started-at="2024-03-15T10:13:57 IST" name="shouldAnswerWithTrue" finished-at="2024-03-15T10:13:57 IST" duration-ms="13" status="PASS">
          <reporter-output>
          </reporter-output>
        </test-method> <!-- shouldAnswerWithTrue -->
      </class> <!-- Maven.MavenJava.AppTest -->
    </test> <!-- Surefire test -->
  </suite> <!-- Surefire suite -->
</testng-results>
