<?xml version="1.0" encoding="UTF-8"?>
<testng-results ignored="0" total="2" passed="2" failed="0" skipped="0">
  <reporter-output>
  </reporter-output>
  <suite started-at="2024-02-20T09:08:16 IST" name="Default suite" finished-at="2024-02-20T09:08:16 IST" duration-ms="68">
    <groups>
    </groups>
    <test started-at="2024-02-20T09:08:16 IST" name="Default test" finished-at="2024-02-20T09:08:16 IST" duration-ms="68">
      <class name="inheritance.Demo2">
        <test-method is-config="true" signature="bTest()[pri:0, instance:inheritance.Demo2@4d5b6aac]" started-at="2024-02-20T09:08:16 IST" name="bTest" finished-at="2024-02-20T09:08:16 IST" duration-ms="7" status="PASS">
          <reporter-output>
          </reporter-output>
        </test-method> <!-- bTest -->
        <test-method signature="childDemo()[pri:0, instance:inheritance.Demo2@4d5b6aac]" started-at="2024-02-20T09:08:16 IST" name="childDemo" finished-at="2024-02-20T09:08:16 IST" duration-ms="7" status="PASS">
          <reporter-output>
          </reporter-output>
        </test-method> <!-- childDemo -->
        <test-method signature="parentDemo()[pri:0, instance:inheritance.Demo2@4d5b6aac]" started-at="2024-02-20T09:08:16 IST" name="parentDemo" finished-at="2024-02-20T09:08:16 IST" duration-ms="3" status="PASS">
          <reporter-output>
          </reporter-output>
        </test-method> <!-- parentDemo -->
        <test-method is-config="true" signature="aTest()[pri:0, instance:inheritance.Demo2@4d5b6aac]" started-at="2024-02-20T09:08:16 IST" name="aTest" finished-at="2024-02-20T09:08:16 IST" duration-ms="0" status="PASS">
          <reporter-output>
          </reporter-output>
        </test-method> <!-- aTest -->
      </class> <!-- inheritance.Demo2 -->
    </test> <!-- Default test -->
  </suite> <!-- Default suite -->
</testng-results>
