<?xml version="1.0" encoding="UTF-8"?>
<!-- Generated by org.testng.reporters.JUnitXMLReporter -->
<testsuite ignored="4" hostname="Ragavi" failures="0" tests="1" name="Car" time="0.124" errors="0" timestamp="2024-02-19T17:50:13 IST">
  <testcase classname="Introduction.Demo3" name="webcarLoan" time="0.021"/>
  <testcase classname="Introduction.Demo3" name="mobilecarLoan" time="0.0">
    <ignored/>
  </testcase> <!-- mobilecarLoan -->
  <testcase classname="Introduction.Demo3" name="APIcarLoan" time="0.0">
    <ignored/>
  </testcase> <!-- APIcarLoan -->
  <testcase classname="Introduction.Demo3" name="mobilecarLoanLogout" time="0.0">
    <ignored/>
  </testcase> <!-- mobilecarLoanLogout -->
  <testcase classname="Introduction.Demo3" name="mobilecarLoanLogin" time="0.0">
    <ignored/>
  </testcase> <!-- mobilecarLoanLogin -->
</testsuite> <!-- Car -->
