<?xml version="1.0" encoding="UTF-8"?>
<!-- Generated by org.testng.reporters.JUnitXMLReporter -->
<testsuite ignored="2" hostname="Ragavi" failures="0" tests="1" name="Home" time="0.125" errors="0" timestamp="2024-02-19T17:50:13 IST">
  <testcase classname="Introduction.Demo4" name="APIhomeLoan" time="0.009"/>
  <testcase classname="Introduction.Demo4" name="mobilehomeLoan" time="0.0">
    <ignored/>
  </testcase> <!-- mobilehomeLoan -->
  <testcase classname="Introduction.Demo4" name="webhomeLoan" time="0.0">
    <ignored/>
  </testcase> <!-- webhomeLoan -->
</testsuite> <!-- Home -->
