<?xml version="1.0" encoding="UTF-8"?>
<!-- Generated by org.testng.reporters.JUnitXMLReporter -->
<testsuite ignored="0" hostname="Ragavi" failures="1" tests="6" name="Personal" time="0.258" errors="0" timestamp="2024-02-19T17:50:13 IST">
  <testcase classname="Introduction.Demo1" name="ragavi" time="0.05"/>
  <testcase classname="Introduction.Demo2" name="paramDemo" time="0.002"/>
  <testcase classname="Introduction.Demo2" name="paramDemo" time="0.002"/>
  <testcase classname="Introduction.Demo2" name="paramDemo" time="0.005"/>
  <testcase classname="Introduction.Demo2" name="testdemo1" time="0.002"/>
  <testcase classname="Introduction.Demo1" name="testdemo1" time="0.01">
    <failure type="java.lang.AssertionError" message="expected [true] but found [false]">
      <![CDATA[java.lang.AssertionError: expected [true] but found [false]
at Introduction.Demo1.testdemo1(Demo1.java:15)
at java.base/java.util.ArrayList.forEach(ArrayList.java:1511)
at java.base/java.util.concurrent.FutureTask.run(FutureTask.java:264)
at java.base/java.util.concurrent.ThreadPoolExecutor.runWorker(ThreadPoolExecutor.java:1136)
at java.base/java.util.concurrent.ThreadPoolExecutor$Worker.run(ThreadPoolExecutor.java:635)
at java.base/java.lang.Thread.run(Thread.java:840)
... Removed 22 stack frames]]>
    </failure>
  </testcase> <!-- testdemo1 -->
</testsuite> <!-- Personal -->
