<?xml version="1.0" encoding="UTF-8"?>
<testng-results ignored="0" total="1" passed="1" failed="0" skipped="0">
  <reporter-output>
  </reporter-output>
  <suite started-at="2024-02-15T16:44:49 IST" name="Default suite" finished-at="2024-02-15T16:44:49 IST" duration-ms="49">
    <groups>
    </groups>
    <test started-at="2024-02-15T16:44:49 IST" name="Default test" finished-at="2024-02-15T16:44:49 IST" duration-ms="49">
      <class name="streams.StreamsLambda">
        <test-method signature="StreamsTest7()[pri:0, instance:streams.StreamsLambda@78123e82]" started-at="2024-02-15T16:44:49 IST" name="StreamsTest7" finished-at="2024-02-15T16:44:49 IST" duration-ms="13" status="PASS">
          <reporter-output>
          </reporter-output>
        </test-method> <!-- StreamsTest7 -->
      </class> <!-- streams.StreamsLambda -->
    </test> <!-- Default test -->
  </suite> <!-- Default suite -->
</testng-results>
