<?xml version="1.0" encoding="UTF-8"?>
<testsuite xmlns:xsi="http://www.w3.org/2001/XMLSchema-instance" xsi:noNamespaceSchemaLocation="https://maven.apache.org/surefire/maven-surefire-plugin/xsd/surefire-test-report-3.0.xsd" version="3.0" name="TestSuite" time="0.727" tests="6" errors="0" skipped="0" failures="0">
  <properties>
[...]
</properties>
  <testcase name="automation" classname="Maven.MavenJava.SeleniumTest" time="0.006">
    <system-out><![CDATA[Automation
]]></system-out>
    <system-err><![CDATA[SLF4J: Failed to load class "org.slf4j.impl.StaticLoggerBinder".
SLF4J: Defaulting to no-operation (NOP) logger implementation
SLF4J: See http://www.slf4j.org/codes.html#StaticLoggerBinder for further details.
]]></system-err>
  </testcase>
  <testcase name="browser" classname="Maven.MavenJava.SeleniumTest" time="0.002">
    <system-out><![CDATA[Browser
]]></system-out>
  </testcase>
  <testcase name="android" classname="Maven.MavenJava.AppiumTest" time="0.004">
    <system-out><![CDATA[Android
]]></system-out>
  </testcase>
  <testcase name="ios" classname="Maven.MavenJava.AppiumTest" time="0.002">
    <system-out><![CDATA[IOS
]]></system-out>
  </testcase>
  <testcase name="postjira" classname="Maven.MavenJava.RestAPITest" time="0.004">
    <system-out><![CDATA[PostJira
]]></system-out>
  </testcase>
  <testcase name="postman" classname="Maven.MavenJava.RestAPITest" time="0.008">
    <system-out><![CDATA[postman
]]></system-out>
  </testcase>
</testsuite>