<?xml version="1.0" encoding="UTF-8"?>
<testng-results ignored="0" total="6" passed="6" failed="0" skipped="0">
  <reporter-output>
  </reporter-output>
  <suite started-at="2024-03-15T11:05:18 IST" name="Suite" finished-at="2024-03-15T11:05:18 IST" duration-ms="74">
    <groups>
    </groups>
    <test started-at="2024-03-15T11:05:18 IST" name="Test" finished-at="2024-03-15T11:05:18 IST" duration-ms="74">
      <class name="Maven.MavenJava.AppiumTest">
        <test-method signature="android()[pri:0, instance:Maven.MavenJava.AppiumTest@61862a7f]" started-at="2024-03-15T11:05:18 IST" name="android" finished-at="2024-03-15T11:05:18 IST" duration-ms="1" status="PASS">
          <reporter-output>
          </reporter-output>
        </test-method> <!-- android -->
        <test-method signature="ios()[pri:0, instance:Maven.MavenJava.AppiumTest@61862a7f]" started-at="2024-03-15T11:05:18 IST" name="ios" finished-at="2024-03-15T11:05:18 IST" duration-ms="1" status="PASS">
          <reporter-output>
          </reporter-output>
        </test-method> <!-- ios -->
      </class> <!-- Maven.MavenJava.AppiumTest -->
      <class name="Maven.MavenJava.SeleniumTest">
        <test-method signature="automation()[pri:0, instance:Maven.MavenJava.SeleniumTest@479d31f3]" started-at="2024-03-15T11:05:18 IST" name="automation" finished-at="2024-03-15T11:05:18 IST" duration-ms="5" status="PASS">
          <reporter-output>
          </reporter-output>
        </test-method> <!-- automation -->
        <test-method signature="browser()[pri:0, instance:Maven.MavenJava.SeleniumTest@479d31f3]" started-at="2024-03-15T11:05:18 IST" name="browser" finished-at="2024-03-15T11:05:18 IST" duration-ms="1" status="PASS">
          <reporter-output>
          </reporter-output>
        </test-method> <!-- browser -->
      </class> <!-- Maven.MavenJava.SeleniumTest -->
      <class name="Maven.MavenJava.RestAPITest">
        <test-method signature="postjira()[pri:0, instance:Maven.MavenJava.RestAPITest@441772e]" started-at="2024-03-15T11:05:18 IST" name="postjira" finished-at="2024-03-15T11:05:18 IST" duration-ms="2" status="PASS">
          <reporter-output>
          </reporter-output>
        </test-method> <!-- postjira -->
        <test-method signature="postman()[pri:0, instance:Maven.MavenJava.RestAPITest@441772e]" started-at="2024-03-15T11:05:18 IST" name="postman" finished-at="2024-03-15T11:05:18 IST" duration-ms="8" status="PASS">
          <reporter-output>
          </reporter-output>
        </test-method> <!-- postman -->
      </class> <!-- Maven.MavenJava.RestAPITest -->
    </test> <!-- Test -->
  </suite> <!-- Suite -->
</testng-results>
