<?xml version="1.0" encoding="UTF-8"?>
<!-- Generated by org.testng.reporters.JUnitXMLReporter -->
<testsuite ignored="0" hostname="Ragavi" failures="0" tests="3" name="Test" time="32.969" errors="0" timestamp="2024-03-07T11:20:54 IST">
  <testcase classname="SeleniumTraining.SeleniumGrid.EdgeBrowser" name="edgeTest" time="27.477"/>
  <testcase classname="SeleniumTraining.SeleniumGrid.FireFoxBrowser" name="firefoxTest" time="28.196"/>
  <testcase classname="SeleniumTraining.SeleniumGrid.ChromeBrowser" name="chromeTest" time="32.908"/>
</testsuite> <!-- Test -->
