<?xml version="1.0" encoding="UTF-8"?>
<testng-results ignored="0" total="1" passed="1" failed="0" skipped="0">
  <reporter-output>
  </reporter-output>
  <suite started-at="2024-03-11T12:00:20 IST" name="Default suite" finished-at="2024-03-11T12:00:29 IST" duration-ms="9527">
    <groups>
    </groups>
    <test started-at="2024-03-11T12:00:20 IST" name="Default test" finished-at="2024-03-11T12:00:29 IST" duration-ms="9527">
      <class name="LoginTestCase">
        <test-method signature="loginTest()[pri:0, instance:LoginTestCase@52af26ee]" started-at="2024-03-11T12:00:20 IST" name="loginTest" finished-at="2024-03-11T12:00:29 IST" duration-ms="9487" status="PASS">
          <reporter-output>
          </reporter-output>
        </test-method> <!-- loginTest -->
      </class> <!-- LoginTestCase -->
    </test> <!-- Default test -->
  </suite> <!-- Default suite -->
</testng-results>
