<?xml version="1.0" encoding="UTF-8"?>
<!-- Generated by org.testng.reporters.JUnitXMLReporter -->
<testsuite ignored="0" hostname="Ragavi" failures="0" tests="3" name="Submit Order Test" time="26.495" errors="0" timestamp="2024-02-29T09:04:28 IST">
  <testcase classname="selenium.Tests.ShoppingTest" name="submitOrder" time="7.818"/>
  <testcase classname="selenium.Tests.ShoppingTest" name="submitOrder" time="4.638"/>
  <testcase classname="selenium.Tests.ShoppingTest" name="orderHistoryTest" time="1.454"/>
</testsuite> <!-- Submit Order Test -->
