<?xml version="1.0" encoding="UTF-8"?>
<!-- Generated by org.testng.reporters.JUnitXMLReporter -->
<testsuite ignored="0" hostname="Ragavi" failures="0" tests="6" name="Test" time="0.074" errors="0" timestamp="2024-03-15T11:05:18 IST">
  <testcase classname="Maven.MavenJava.SeleniumTest" name="automation" time="0.005"/>
  <testcase classname="Maven.MavenJava.SeleniumTest" name="browser" time="0.001"/>
  <testcase classname="Maven.MavenJava.AppiumTest" name="android" time="0.001"/>
  <testcase classname="Maven.MavenJava.AppiumTest" name="ios" time="0.001"/>
  <testcase classname="Maven.MavenJava.RestAPITest" name="postjira" time="0.002"/>
  <testcase classname="Maven.MavenJava.RestAPITest" name="postman" time="0.008"/>
</testsuite> <!-- Test -->
