<?xml version="1.0" encoding="UTF-8"?>
<!-- Generated by org.testng.reporters.JUnitXMLReporter -->
<testsuite ignored="0" hostname="Ragavi" failures="0" tests="3" name="Default test" time="0.918" errors="0" timestamp="2024-03-11T13:53:26 IST">
  <testcase classname="excelDriven.excelDataProvider.TestCase" name="printData" time="0.005"/>
  <testcase classname="excelDriven.excelDataProvider.TestCase" name="printData" time="0.005"/>
  <testcase classname="excelDriven.excelDataProvider.TestCase" name="printData" time="0.003"/>
</testsuite> <!-- Default test -->
