<?xml version="1.0" encoding="UTF-8"?>
<!-- Generated by org.testng.reporters.JUnitXMLReporter -->
<testsuite ignored="0" hostname="Ragavi" failures="0" tests="4" name="Surefire test" time="0.059" errors="0" timestamp="2024-03-15T10:13:56 IST">
  <testcase classname="Maven.MavenJava.AppiumTest" name="android" time="0.004"/>
  <testcase classname="Maven.MavenJava.AppiumTest" name="ios" time="0.001"/>
  <testcase classname="Maven.MavenJava.RestAPITest" name="postjira" time="0.001"/>
  <testcase classname="Maven.MavenJava.RestAPITest" name="postman" time="0.001"/>
</testsuite> <!-- Surefire test -->
