<?xml version="1.0" encoding="UTF-8"?>
<testng-results ignored="0" total="3" passed="3" failed="0" skipped="0">
  <reporter-output>
  </reporter-output>
  <suite started-at="2024-03-11T13:53:25 IST" name="Default suite" finished-at="2024-03-11T13:53:26 IST" duration-ms="918">
    <groups>
    </groups>
    <test started-at="2024-03-11T13:53:25 IST" name="Default test" finished-at="2024-03-11T13:53:26 IST" duration-ms="918">
      <class name="excelDriven.excelDataProvider.TestCase">
        <test-method signature="printData(java.lang.String,java.lang.String,java.lang.String)[pri:0, instance:excelDriven.excelDataProvider.TestCase@48f278eb]" started-at="2024-03-11T13:53:26 IST" name="printData" data-provider="excelData" finished-at="2024-03-11T13:53:26 IST" duration-ms="5" status="PASS">
          <params>
            <param index="0">
              <value>
                <![CDATA[Hello]]>
              </value>
            </param>
            <param index="1">
              <value>
                <![CDATA[Text]]>
              </value>
            </param>
            <param index="2">
              <value>
                <![CDATA[1]]>
              </value>
            </param>
          </params>
          <reporter-output>
          </reporter-output>
        </test-method> <!-- printData -->
        <test-method signature="printData(java.lang.String,java.lang.String,java.lang.String)[pri:0, instance:excelDriven.excelDataProvider.TestCase@48f278eb]" started-at="2024-03-11T13:53:26 IST" name="printData" data-provider="excelData" finished-at="2024-03-11T13:53:26 IST" duration-ms="5" status="PASS">
          <params>
            <param index="0">
              <value>
                <![CDATA[LoveYou]]>
              </value>
            </param>
            <param index="1">
              <value>
                <![CDATA[Call]]>
              </value>
            </param>
            <param index="2">
              <value>
                <![CDATA[143]]>
              </value>
            </param>
          </params>
          <reporter-output>
          </reporter-output>
        </test-method> <!-- printData -->
        <test-method signature="printData(java.lang.String,java.lang.String,java.lang.String)[pri:0, instance:excelDriven.excelDataProvider.TestCase@48f278eb]" started-at="2024-03-11T13:53:26 IST" name="printData" data-provider="excelData" finished-at="2024-03-11T13:53:26 IST" duration-ms="3" status="PASS">
          <params>
            <param index="0">
              <value>
                <![CDATA[Bye]]>
              </value>
            </param>
            <param index="1">
              <value>
                <![CDATA[Whatsapp]]>
              </value>
            </param>
            <param index="2">
              <value>
                <![CDATA[420]]>
              </value>
            </param>
          </params>
          <reporter-output>
          </reporter-output>
        </test-method> <!-- printData -->
      </class> <!-- excelDriven.excelDataProvider.TestCase -->
    </test> <!-- Default test -->
  </suite> <!-- Default suite -->
</testng-results>
