<?xml version="1.0" encoding="UTF-8"?>
<testng-results ignored="0" total="4" passed="4" failed="0" skipped="0">
  <reporter-output>
  </reporter-output>
  <suite started-at="2024-03-15T10:13:56 IST" name="Surefire suite" finished-at="2024-03-15T10:13:56 IST" duration-ms="59">
    <groups>
    </groups>
    <test started-at="2024-03-15T10:13:56 IST" name="Surefire test" finished-at="2024-03-15T10:13:56 IST" duration-ms="59">
      <class name="Maven.MavenJava.AppiumTest">
        <test-method signature="android()[pri:0, instance:Maven.MavenJava.AppiumTest@4c40b76e]" started-at="2024-03-15T10:13:56 IST" name="android" finished-at="2024-03-15T10:13:56 IST" duration-ms="4" status="PASS">
          <reporter-output>
          </reporter-output>
        </test-method> <!-- android -->
        <test-method signature="ios()[pri:0, instance:Maven.MavenJava.AppiumTest@4c40b76e]" started-at="2024-03-15T10:13:56 IST" name="ios" finished-at="2024-03-15T10:13:56 IST" duration-ms="1" status="PASS">
          <reporter-output>
          </reporter-output>
        </test-method> <!-- ios -->
      </class> <!-- Maven.MavenJava.AppiumTest -->
      <class name="Maven.MavenJava.RestAPITest">
        <test-method signature="postjira()[pri:0, instance:Maven.MavenJava.RestAPITest@400cff1a]" started-at="2024-03-15T10:13:56 IST" name="postjira" finished-at="2024-03-15T10:13:56 IST" duration-ms="1" status="PASS">
          <reporter-output>
          </reporter-output>
        </test-method> <!-- postjira -->
        <test-method signature="postman()[pri:0, instance:Maven.MavenJava.RestAPITest@400cff1a]" started-at="2024-03-15T10:13:56 IST" name="postman" finished-at="2024-03-15T10:13:56 IST" duration-ms="1" status="PASS">
          <reporter-output>
          </reporter-output>
        </test-method> <!-- postman -->
      </class> <!-- Maven.MavenJava.RestAPITest -->
    </test> <!-- Surefire test -->
  </suite> <!-- Surefire suite -->
</testng-results>
