<?xml version="1.0" encoding="UTF-8"?>
<testng-results ignored="0" total="1" passed="1" failed="0" skipped="0">
  <reporter-output>
  </reporter-output>
  <suite started-at="2024-03-13T13:08:43 IST" name="Default suite" finished-at="2024-03-13T13:08:54 IST" duration-ms="11568">
    <groups>
    </groups>
    <test started-at="2024-03-13T13:08:43 IST" name="Default test" finished-at="2024-03-13T13:08:54 IST" duration-ms="11568">
      <class name="uploadDownloadFunctionalities.uploadDownloadFunctions.uploadDownload">
        <test-method signature="fileUploadDownload()[pri:0, instance:uploadDownloadFunctionalities.uploadDownloadFunctions.uploadDownload@7c24b813]" started-at="2024-03-13T13:08:43 IST" name="fileUploadDownload" finished-at="2024-03-13T13:08:54 IST" duration-ms="11530" status="PASS">
          <reporter-output>
          </reporter-output>
        </test-method> <!-- fileUploadDownload -->
      </class> <!-- uploadDownloadFunctionalities.uploadDownloadFunctions.uploadDownload -->
    </test> <!-- Default test -->
  </suite> <!-- Default suite -->
</testng-results>
