<?xml version="1.0" encoding="UTF-8"?>
<testng-results ignored="0" total="1" passed="1" failed="0" skipped="0">
  <reporter-output>
  </reporter-output>
  <suite started-at="2024-03-22T13:05:15 IST" name="Default suite" finished-at="2024-03-22T13:05:24 IST" duration-ms="8744">
    <groups>
    </groups>
    <test started-at="2024-03-22T13:05:15 IST" name="Default test" finished-at="2024-03-22T13:05:24 IST" duration-ms="8744">
      <class name="WindowAuthPopup">
        <test-method signature="handleWindowPopup()[pri:0, instance:WindowAuthPopup@73e9cf30]" started-at="2024-03-22T13:05:15 IST" name="handleWindowPopup" finished-at="2024-03-22T13:05:24 IST" duration-ms="8650" status="PASS">
          <reporter-output>
          </reporter-output>
        </test-method> <!-- handleWindowPopup -->
      </class> <!-- WindowAuthPopup -->
    </test> <!-- Default test -->
  </suite> <!-- Default suite -->
</testng-results>
