<?xml version="1.0" encoding="UTF-8"?>
<!-- Generated by org.testng.reporters.JUnitXMLReporter -->
<testsuite ignored="7" hostname="Ragavi" failures="0" tests="3" name="Tutorial" time="0.061" errors="0" timestamp="2024-02-19T13:45:53 IST">
  <testcase classname="Introduction.Demo2" name="testdemo2" time="0.009"/>
  <testcase classname="Introduction.Demo3" name="webcarLoan" time="0.002"/>
  <testcase classname="Introduction.Demo4" name="APIhomeLoan" time="0.001"/>
  <testcase classname="Introduction.Demo3" name="mobilecarLoan" time="0.0">
    <ignored/>
  </testcase> <!-- mobilecarLoan -->
  <testcase classname="Introduction.Demo4" name="mobilehomeLoan" time="0.0">
    <ignored/>
  </testcase> <!-- mobilehomeLoan -->
  <testcase classname="Introduction.Demo4" name="webhomeLoan" time="0.0">
    <ignored/>
  </testcase> <!-- webhomeLoan -->
  <testcase classname="Introduction.Demo3" name="APIcarLoan" time="0.0">
    <ignored/>
  </testcase> <!-- APIcarLoan -->
  <testcase classname="Introduction.Demo1" name="testdemo1" time="0.0">
    <ignored/>
  </testcase> <!-- testdemo1 -->
  <testcase classname="Introduction.Demo3" name="mobilecarLoanLogout" time="0.0">
    <ignored/>
  </testcase> <!-- mobilecarLoanLogout -->
  <testcase classname="Introduction.Demo3" name="mobilecarLoanLogin" time="0.0">
    <ignored/>
  </testcase> <!-- mobilecarLoanLogin -->
</testsuite> <!-- Tutorial -->
