<?xml version="1.0" encoding="UTF-8"?>
<!-- Generated by org.testng.reporters.JUnitXMLReporter -->
<testsuite ignored="2" hostname="Ragavi" failures="0" tests="0" time="0.021" errors="0" timestamp="2024-03-05T13:04:15 IST">
  <testcase classname="selenium.Tests.ShoppingTest" name="orderHistoryTest" time="0.0">
    <ignored/>
  </testcase> <!-- orderHistoryTest -->
  <testcase classname="selenium.Tests.ShoppingTest" name="submitOrder" time="0.0">
    <ignored/>
  </testcase> <!-- submitOrder -->
</testsuite>
