<?xml version="1.0" encoding="UTF-8"?>
<testng-results ignored="0" total="3" passed="3" failed="0" skipped="0">
  <reporter-output>
  </reporter-output>
  <suite started-at="2024-03-07T11:20:21 IST" name="Suite" finished-at="2024-03-07T11:20:54 IST" duration-ms="32969">
    <groups>
    </groups>
    <test started-at="2024-03-07T11:20:21 IST" name="Test" finished-at="2024-03-07T11:20:54 IST" duration-ms="32969">
      <class name="SeleniumTraining.SeleniumGrid.FireFoxBrowser">
        <test-method signature="firefoxTest()[pri:0, instance:SeleniumTraining.SeleniumGrid.FireFoxBrowser@38cee291]" started-at="2024-03-07T11:20:21 IST" name="firefoxTest" finished-at="2024-03-07T11:20:49 IST" duration-ms="28196" status="PASS">
          <reporter-output>
          </reporter-output>
        </test-method> <!-- firefoxTest -->
      </class> <!-- SeleniumTraining.SeleniumGrid.FireFoxBrowser -->
      <class name="SeleniumTraining.SeleniumGrid.ChromeBrowser">
        <test-method signature="chromeTest()[pri:0, instance:SeleniumTraining.SeleniumGrid.ChromeBrowser@5d534f5d]" started-at="2024-03-07T11:20:21 IST" name="chromeTest" finished-at="2024-03-07T11:20:54 IST" duration-ms="32908" status="PASS">
          <reporter-output>
          </reporter-output>
        </test-method> <!-- chromeTest -->
      </class> <!-- SeleniumTraining.SeleniumGrid.ChromeBrowser -->
      <class name="SeleniumTraining.SeleniumGrid.EdgeBrowser">
        <test-method signature="edgeTest()[pri:0, instance:SeleniumTraining.SeleniumGrid.EdgeBrowser@4b45a2f5]" started-at="2024-03-07T11:20:21 IST" name="edgeTest" finished-at="2024-03-07T11:20:48 IST" duration-ms="27477" status="PASS">
          <reporter-output>
          </reporter-output>
        </test-method> <!-- edgeTest -->
      </class> <!-- SeleniumTraining.SeleniumGrid.EdgeBrowser -->
    </test> <!-- Test -->
  </suite> <!-- Suite -->
</testng-results>
